<?xml version="1.0" encoding="UTF-8"?>
<!-- Generated by org.testng.reporters.JUnitReportReporter -->
<testsuite hostname="LAPTOP-23N7G1SQ" failures="0" tests="1" name="testJava.TestClass" time="0.012" errors="0" timestamp="2025-01-27T22:27:43 IST" skipped="0">
  <testcase classname="testJava.TestClass" name="a" time="0.012"/>
  <system-out/>
</testsuite> <!-- testJava.TestClass -->
